This file contains any messages produced by compilers while
running configure, to aid debugging if configure makes a mistake.

It was created by savanc-sample-src configure 1.1.0, which was
generated by GNU Autoconf 2.69.  Invocation command line was

  $ ./configure --disable-option-checking --prefix=/usr/local/axis2c --with-axis2=/usr/local/axis2c/include/axis2-1.6.0 --cache-file=/dev/null --srcdir=.

## --------- ##
## Platform. ##
## --------- ##

hostname = Alexiss-MacBook.local
uname -m = x86_64
uname -r = 14.5.0
uname -s = Darwin
uname -v = Darwin Kernel Version 14.5.0: Wed Jul 29 02:26:53 PDT 2015; root:xnu-2782.40.9~1/RELEASE_X86_64

/usr/bin/uname -p = i386
/bin/uname -X     = unknown

/bin/arch              = unknown
/usr/bin/arch -k       = unknown
/usr/convex/getsysinfo = unknown
/usr/bin/hostinfo      = Mach kernel version:
	 Darwin Kernel Version 14.5.0: Wed Jul 29 02:26:53 PDT 2015; root:xnu-2782.40.9~1/RELEASE_X86_64
Kernel configured for up to 4 processors.
2 processors are physically available.
4 processors are logically available.
Processor type: x86_64h (Intel x86-64h Haswell)
Processors active: 0 1 2 3
Primary memory available: 8.00 gigabytes
Default processor set: 295 tasks, 1350 threads, 4 processors
Load average: 2.80, Mach factor: 1.19
/bin/machine           = unknown
/usr/bin/oslevel       = unknown
/bin/universe          = unknown

PATH: /usr/local/bin
PATH: /usr/bin
PATH: /bin
PATH: /usr/sbin
PATH: /sbin


## ----------- ##
## Core tests. ##
## ----------- ##

configure:2397: checking build system type
configure:2411: result: x86_64-apple-darwin14.5.0
configure:2431: checking host system type
configure:2444: result: x86_64-apple-darwin14.5.0
configure:2464: checking target system type
configure:2477: result: x86_64-apple-darwin14.5.0
configure:2522: checking for a BSD-compatible install
configure:2590: result: /usr/bin/install -c
configure:2601: checking whether build environment is sane
configure:2656: result: yes
configure:2807: checking for a thread-safe mkdir -p
configure:2846: result: ./../install-sh -c -d
configure:2853: checking for gawk
configure:2883: result: no
configure:2853: checking for mawk
configure:2883: result: no
configure:2853: checking for nawk
configure:2883: result: no
configure:2853: checking for awk
configure:2869: found /usr/bin/awk
configure:2880: result: awk
configure:2891: checking whether make sets $(MAKE)
configure:2913: result: yes
configure:2942: checking whether make supports nested variables
configure:2959: result: yes
configure:3136: checking for gcc
configure:3152: found /usr/bin/gcc
configure:3163: result: gcc
configure:3392: checking for C compiler version
configure:3401: gcc --version >&5
Apple LLVM version 7.0.2 (clang-700.1.81)
Target: x86_64-apple-darwin14.5.0
Thread model: posix
Configured with: --prefix=/Applications/Xcode.app/Contents/Developer/usr --with-gxx-include-dir=/usr/include/c++/4.2.1
configure:3412: $? = 0
configure:3401: gcc -v >&5
Configured with: --prefix=/Applications/Xcode.app/Contents/Developer/usr --with-gxx-include-dir=/usr/include/c++/4.2.1
Apple LLVM version 7.0.2 (clang-700.1.81)
Target: x86_64-apple-darwin14.5.0
Thread model: posix
configure:3412: $? = 0
configure:3401: gcc -V >&5
clang: error: argument to '-V' is missing (expected 1 value)
clang: error: no input files
configure:3412: $? = 1
configure:3401: gcc -qversion >&5
clang: error: unknown argument: '-qversion'
clang: error: no input files
configure:3412: $? = 1
configure:3432: checking whether the C compiler works
configure:3454: gcc    conftest.c  >&5
configure:3458: $? = 0
configure:3506: result: yes
configure:3509: checking for C compiler default output file name
configure:3511: result: a.out
configure:3517: checking for suffix of executables
configure:3524: gcc -o conftest    conftest.c  >&5
configure:3528: $? = 0
configure:3550: result: 
configure:3572: checking whether we are cross compiling
configure:3580: gcc -o conftest    conftest.c  >&5
configure:3584: $? = 0
configure:3591: ./conftest
configure:3595: $? = 0
configure:3610: result: no
configure:3615: checking for suffix of object files
configure:3637: gcc -c   conftest.c >&5
configure:3641: $? = 0
configure:3662: result: o
configure:3666: checking whether we are using the GNU C compiler
configure:3685: gcc -c   conftest.c >&5
configure:3685: $? = 0
configure:3694: result: yes
configure:3703: checking whether gcc accepts -g
configure:3723: gcc -c -g  conftest.c >&5
configure:3723: $? = 0
configure:3764: result: yes
configure:3781: checking for gcc option to accept ISO C89
configure:3844: gcc  -c -g -O2  conftest.c >&5
configure:3844: $? = 0
configure:3857: result: none needed
configure:3882: checking whether gcc understands -c and -o together
configure:3904: gcc -c conftest.c -o conftest2.o
configure:3907: $? = 0
configure:3904: gcc -c conftest.c -o conftest2.o
configure:3907: $? = 0
configure:3919: result: yes
configure:3947: checking for style of include used by make
configure:3975: result: GNU
configure:4001: checking dependency style of gcc
configure:4112: result: gcc3
configure:4185: checking for g++
configure:4201: found /usr/bin/g++
configure:4212: result: g++
configure:4239: checking for C++ compiler version
configure:4248: g++ --version >&5
Apple LLVM version 7.0.2 (clang-700.1.81)
Target: x86_64-apple-darwin14.5.0
Thread model: posix
Configured with: --prefix=/Applications/Xcode.app/Contents/Developer/usr --with-gxx-include-dir=/usr/include/c++/4.2.1
configure:4259: $? = 0
configure:4248: g++ -v >&5
Configured with: --prefix=/Applications/Xcode.app/Contents/Developer/usr --with-gxx-include-dir=/usr/include/c++/4.2.1
Apple LLVM version 7.0.2 (clang-700.1.81)
Target: x86_64-apple-darwin14.5.0
Thread model: posix
configure:4259: $? = 0
configure:4248: g++ -V >&5
clang: error: argument to '-V' is missing (expected 1 value)
clang: error: no input files
configure:4259: $? = 1
configure:4248: g++ -qversion >&5
clang: error: unknown argument: '-qversion'
clang: error: no input files
configure:4259: $? = 1
configure:4263: checking whether we are using the GNU C++ compiler
configure:4282: g++ -c   conftest.cpp >&5
configure:4282: $? = 0
configure:4291: result: yes
configure:4300: checking whether g++ accepts -g
configure:4320: g++ -c -g  conftest.cpp >&5
configure:4320: $? = 0
configure:4361: result: yes
configure:4386: checking dependency style of g++
configure:4497: result: gcc3
configure:4517: checking how to run the C preprocessor
configure:4548: gcc -E  conftest.c
configure:4548: $? = 0
configure:4562: gcc -E  conftest.c
conftest.c:11:10: fatal error: 'ac_nonexistent.h' file not found
#include <ac_nonexistent.h>
         ^
1 error generated.
configure:4562: $? = 1
configure: failed program was:
| /* confdefs.h */
| #define PACKAGE_NAME "savanc-sample-src"
| #define PACKAGE_TARNAME "savanc-sample-src"
| #define PACKAGE_VERSION "1.1.0"
| #define PACKAGE_STRING "savanc-sample-src 1.1.0"
| #define PACKAGE_BUGREPORT ""
| #define PACKAGE_URL ""
| #define PACKAGE "savanc-sample-src"
| #define VERSION "1.1.0"
| /* end confdefs.h.  */
| #include <ac_nonexistent.h>
configure:4587: result: gcc -E
configure:4607: gcc -E  conftest.c
configure:4607: $? = 0
configure:4621: gcc -E  conftest.c
conftest.c:11:10: fatal error: 'ac_nonexistent.h' file not found
#include <ac_nonexistent.h>
         ^
1 error generated.
configure:4621: $? = 1
configure: failed program was:
| /* confdefs.h */
| #define PACKAGE_NAME "savanc-sample-src"
| #define PACKAGE_TARNAME "savanc-sample-src"
| #define PACKAGE_VERSION "1.1.0"
| #define PACKAGE_STRING "savanc-sample-src 1.1.0"
| #define PACKAGE_BUGREPORT ""
| #define PACKAGE_URL ""
| #define PACKAGE "savanc-sample-src"
| #define VERSION "1.1.0"
| /* end confdefs.h.  */
| #include <ac_nonexistent.h>
configure:4695: checking how to print strings
configure:4722: result: printf
configure:4743: checking for a sed that does not truncate output
configure:4807: result: /usr/bin/sed
configure:4825: checking for grep that handles long lines and -e
configure:4883: result: /usr/bin/grep
configure:4888: checking for egrep
configure:4950: result: /usr/bin/grep -E
configure:4955: checking for fgrep
configure:5017: result: /usr/bin/grep -F
configure:5052: checking for ld used by gcc
configure:5119: result: /Applications/Xcode.app/Contents/Developer/Toolchains/XcodeDefault.xctoolchain/usr/bin/ld
configure:5126: checking if the linker (/Applications/Xcode.app/Contents/Developer/Toolchains/XcodeDefault.xctoolchain/usr/bin/ld) is GNU ld
configure:5141: result: no
configure:5153: checking for BSD- or MS-compatible name lister (nm)
configure:5207: result: /usr/bin/nm
configure:5337: checking the name lister (/usr/bin/nm) interface
configure:5344: gcc -c -g -O2  conftest.c >&5
configure:5347: /usr/bin/nm "conftest.o"
configure:5350: output
0000000000000208 S _some_variable
configure:5357: result: BSD nm
configure:5360: checking whether ln -s works
configure:5364: result: yes
configure:5372: checking the maximum length of command line arguments
configure:5503: result: 196608
configure:5551: checking how to convert x86_64-apple-darwin14.5.0 file names to x86_64-apple-darwin14.5.0 format
configure:5591: result: func_convert_file_noop
configure:5598: checking how to convert x86_64-apple-darwin14.5.0 file names to toolchain format
configure:5618: result: func_convert_file_noop
configure:5625: checking for /Applications/Xcode.app/Contents/Developer/Toolchains/XcodeDefault.xctoolchain/usr/bin/ld option to reload object files
configure:5632: result: -r
configure:5706: checking for objdump
configure:5736: result: no
configure:5765: checking how to recognize dependent libraries
configure:5965: result: pass_all
configure:6050: checking for dlltool
configure:6080: result: no
configure:6110: checking how to associate runtime and link libraries
configure:6137: result: printf %s\n
configure:6198: checking for ar
configure:6214: found /usr/bin/ar
configure:6225: result: ar
configure:6262: checking for archiver @FILE support
configure:6279: gcc -c -g -O2  conftest.c >&5
configure:6279: $? = 0
configure:6282: ar cru libconftest.a @conftest.lst >&5
ar: @conftest.lst: No such file or directory
configure:6285: $? = 1
configure:6305: result: no
configure:6363: checking for strip
configure:6379: found /usr/bin/strip
configure:6390: result: strip
configure:6462: checking for ranlib
configure:6478: found /usr/bin/ranlib
configure:6489: result: ranlib
configure:6591: checking command to parse /usr/bin/nm output from gcc object
configure:6744: gcc -c -g -O2  conftest.c >&5
configure:6747: $? = 0
configure:6751: /usr/bin/nm conftest.o \| sed -n -e 's/^.*[ ]\([BCDEGRST][BCDEGRST]*\)[ ][ ]*\([_A-Za-z][_A-Za-z0-9]*\)$/\1 \2 \2/p' | sed '/ __gnu_lto/d' \> conftest.nm
configure:6754: $? = 0
cannot find nm_test_var in conftest.nm
configure:6744: gcc -c -g -O2  conftest.c >&5
configure:6747: $? = 0
configure:6751: /usr/bin/nm conftest.o \| sed -n -e 's/^.*[ ]\([BCDEGRST][BCDEGRST]*\)[ ][ ]*_\([_A-Za-z][_A-Za-z0-9]*\)$/\1 _\2 \2/p' | sed '/ __gnu_lto/d' \> conftest.nm
configure:6754: $? = 0
configure:6820: gcc -o conftest -g -O2   conftest.c conftstm.o >&5
warning: (x86_64)  could not find object file symbol for symbol _main
configure:6823: $? = 0
configure:6861: result: ok
configure:6908: checking for sysroot
configure:6938: result: no
configure:6945: checking for a working dd
configure:6983: result: /bin/dd
configure:6987: checking how to truncate binary pipes
configure:7002: result: /bin/dd bs=4096 count=1
configure:7331: checking for mt
configure:7361: result: no
configure:7381: checking if : is a manifest tool
configure:7387: : '-?'
configure:7395: result: no
configure:7451: checking for dsymutil
configure:7467: found /usr/bin/dsymutil
configure:7478: result: dsymutil
configure:7543: checking for nmedit
configure:7559: found /usr/bin/nmedit
configure:7570: result: nmedit
configure:7635: checking for lipo
configure:7651: found /usr/bin/lipo
configure:7662: result: lipo
configure:7727: checking for otool
configure:7743: found /usr/bin/otool
configure:7754: result: otool
configure:7819: checking for otool64
configure:7849: result: no
configure:7894: checking for -single_module linker flag
gcc -g -O2  -o libconftest.dylib -dynamiclib -Wl,-single_module conftest.c
configure:7927: result: yes
configure:7930: checking for -exported_symbols_list linker flag
configure:7950: gcc -o conftest -g -O2   -Wl,-exported_symbols_list,conftest.sym conftest.c  >&5
configure:7950: $? = 0
configure:7960: result: yes
configure:7963: checking for -force_load linker flag
gcc -g -O2 -c -o conftest.o conftest.c
ar cru libconftest.a conftest.o
ranlib libconftest.a
gcc -g -O2  -o conftest conftest.c -Wl,-force_load,./libconftest.a
configure:7995: result: yes
configure:8068: checking for ANSI C header files
configure:8088: gcc -c -g -O2  conftest.c >&5
configure:8088: $? = 0
configure:8161: gcc -o conftest -g -O2   conftest.c  >&5
configure:8161: $? = 0
configure:8161: ./conftest
configure:8161: $? = 0
configure:8172: result: yes
configure:8185: checking for sys/types.h
configure:8185: gcc -c -g -O2  conftest.c >&5
configure:8185: $? = 0
configure:8185: result: yes
configure:8185: checking for sys/stat.h
configure:8185: gcc -c -g -O2  conftest.c >&5
configure:8185: $? = 0
configure:8185: result: yes
configure:8185: checking for stdlib.h
configure:8185: gcc -c -g -O2  conftest.c >&5
configure:8185: $? = 0
configure:8185: result: yes
configure:8185: checking for string.h
configure:8185: gcc -c -g -O2  conftest.c >&5
configure:8185: $? = 0
configure:8185: result: yes
configure:8185: checking for memory.h
configure:8185: gcc -c -g -O2  conftest.c >&5
configure:8185: $? = 0
configure:8185: result: yes
configure:8185: checking for strings.h
configure:8185: gcc -c -g -O2  conftest.c >&5
configure:8185: $? = 0
configure:8185: result: yes
configure:8185: checking for inttypes.h
configure:8185: gcc -c -g -O2  conftest.c >&5
configure:8185: $? = 0
configure:8185: result: yes
configure:8185: checking for stdint.h
configure:8185: gcc -c -g -O2  conftest.c >&5
configure:8185: $? = 0
configure:8185: result: yes
configure:8185: checking for unistd.h
configure:8185: gcc -c -g -O2  conftest.c >&5
configure:8185: $? = 0
configure:8185: result: yes
configure:8199: checking for dlfcn.h
configure:8199: gcc -c -g -O2  conftest.c >&5
configure:8199: $? = 0
configure:8199: result: yes
configure:8466: checking for objdir
configure:8481: result: .libs
configure:8741: checking if gcc supports -fno-rtti -fno-exceptions
configure:8759: gcc -c -g -O2  -fno-rtti -fno-exceptions conftest.c >&5
configure:8763: $? = 0
configure:8776: result: yes
configure:9134: checking for gcc option to produce PIC
configure:9141: result: -fno-common -DPIC
configure:9149: checking if gcc PIC flag -fno-common -DPIC works
configure:9167: gcc -c -g -O2  -fno-common -DPIC -DPIC conftest.c >&5
configure:9171: $? = 0
configure:9184: result: yes
configure:9213: checking if gcc static flag -static works
configure:9241: result: no
configure:9256: checking if gcc supports -c -o file.o
configure:9277: gcc -c -g -O2  -o out/conftest2.o conftest.c >&5
configure:9281: $? = 0
configure:9303: result: yes
configure:9311: checking if gcc supports -c -o file.o
configure:9358: result: yes
configure:9391: checking whether the gcc linker (/Applications/Xcode.app/Contents/Developer/Toolchains/XcodeDefault.xctoolchain/usr/bin/ld) supports shared libraries
configure:10650: result: yes
configure:10890: checking dynamic linker characteristics
configure:11708: result: darwin14.5.0 dyld
configure:11830: checking how to hardcode library paths into programs
configure:11855: result: immediate
configure:12403: checking whether stripping libraries is possible
configure:12417: result: yes
configure:12443: checking if libtool supports shared libraries
configure:12445: result: yes
configure:12448: checking whether to build shared libraries
configure:12473: result: yes
configure:12476: checking whether to build static libraries
configure:12480: result: yes
configure:12503: checking how to run the C++ preprocessor
configure:12530: g++ -E  conftest.cpp
configure:12530: $? = 0
configure:12544: g++ -E  conftest.cpp
conftest.cpp:23:10: fatal error: 'ac_nonexistent.h' file not found
#include <ac_nonexistent.h>
         ^
1 error generated.
configure:12544: $? = 1
configure: failed program was:
| /* confdefs.h */
| #define PACKAGE_NAME "savanc-sample-src"
| #define PACKAGE_TARNAME "savanc-sample-src"
| #define PACKAGE_VERSION "1.1.0"
| #define PACKAGE_STRING "savanc-sample-src 1.1.0"
| #define PACKAGE_BUGREPORT ""
| #define PACKAGE_URL ""
| #define PACKAGE "savanc-sample-src"
| #define VERSION "1.1.0"
| #define STDC_HEADERS 1
| #define HAVE_SYS_TYPES_H 1
| #define HAVE_SYS_STAT_H 1
| #define HAVE_STDLIB_H 1
| #define HAVE_STRING_H 1
| #define HAVE_MEMORY_H 1
| #define HAVE_STRINGS_H 1
| #define HAVE_INTTYPES_H 1
| #define HAVE_STDINT_H 1
| #define HAVE_UNISTD_H 1
| #define HAVE_DLFCN_H 1
| #define LT_OBJDIR ".libs/"
| /* end confdefs.h.  */
| #include <ac_nonexistent.h>
configure:12569: result: g++ -E
configure:12589: g++ -E  conftest.cpp
configure:12589: $? = 0
configure:12603: g++ -E  conftest.cpp
conftest.cpp:23:10: fatal error: 'ac_nonexistent.h' file not found
#include <ac_nonexistent.h>
         ^
1 error generated.
configure:12603: $? = 1
configure: failed program was:
| /* confdefs.h */
| #define PACKAGE_NAME "savanc-sample-src"
| #define PACKAGE_TARNAME "savanc-sample-src"
| #define PACKAGE_VERSION "1.1.0"
| #define PACKAGE_STRING "savanc-sample-src 1.1.0"
| #define PACKAGE_BUGREPORT ""
| #define PACKAGE_URL ""
| #define PACKAGE "savanc-sample-src"
| #define VERSION "1.1.0"
| #define STDC_HEADERS 1
| #define HAVE_SYS_TYPES_H 1
| #define HAVE_SYS_STAT_H 1
| #define HAVE_STDLIB_H 1
| #define HAVE_STRING_H 1
| #define HAVE_MEMORY_H 1
| #define HAVE_STRINGS_H 1
| #define HAVE_INTTYPES_H 1
| #define HAVE_STDINT_H 1
| #define HAVE_UNISTD_H 1
| #define HAVE_DLFCN_H 1
| #define LT_OBJDIR ".libs/"
| /* end confdefs.h.  */
| #include <ac_nonexistent.h>
configure:12765: checking for ld used by g++
configure:12832: result: /Applications/Xcode.app/Contents/Developer/Toolchains/XcodeDefault.xctoolchain/usr/bin/ld
configure:12839: checking if the linker (/Applications/Xcode.app/Contents/Developer/Toolchains/XcodeDefault.xctoolchain/usr/bin/ld) is GNU ld
configure:12854: result: no
configure:12909: checking whether the g++ linker (/Applications/Xcode.app/Contents/Developer/Toolchains/XcodeDefault.xctoolchain/usr/bin/ld) supports shared libraries
configure:13982: result: yes
configure:14018: g++ -c -g -O2  conftest.cpp >&5
configure:14021: $? = 0
configure:14502: checking for g++ option to produce PIC
configure:14509: result: -fno-common -DPIC
configure:14517: checking if g++ PIC flag -fno-common -DPIC works
configure:14535: g++ -c -g -O2  -fno-common -DPIC -DPIC conftest.cpp >&5
configure:14539: $? = 0
configure:14552: result: yes
configure:14575: checking if g++ static flag -static works
configure:14603: result: no
configure:14615: checking if g++ supports -c -o file.o
configure:14636: g++ -c -g -O2  -o out/conftest2.o conftest.cpp >&5
configure:14640: $? = 0
configure:14662: result: yes
configure:14667: checking if g++ supports -c -o file.o
configure:14714: result: yes
configure:14744: checking whether the g++ linker (/Applications/Xcode.app/Contents/Developer/Toolchains/XcodeDefault.xctoolchain/usr/bin/ld) supports shared libraries
configure:14784: result: yes
configure:14925: checking dynamic linker characteristics
configure:15670: result: darwin14.5.0 dyld
configure:15735: checking how to hardcode library paths into programs
configure:15760: result: immediate
configure:15822: checking whether ln -s works
configure:15826: result: yes
configure:15833: checking whether make sets $(MAKE)
configure:15855: result: yes
configure:15865: checking for ISO C99 varargs macros in C
configure:15882: gcc -c -g -O2  conftest.c >&5
configure:15882: $? = 0
configure:15888: result: yes
configure:15891: checking for GNUC varargs macros
configure:15908: gcc -c -g -O2  conftest.c >&5
configure:15908: $? = 0
configure:15914: result: yes
configure:15928: checking for dlopen in -ldl
configure:15953: gcc -o conftest -g -O2   conftest.c -ldl   >&5
configure:15953: $? = 0
configure:15962: result: yes
configure:15977: checking for ANSI C header files
configure:16081: result: yes
configure:16092: checking stdio.h usability
configure:16092: gcc -c -g -O2 -ansi -Wall -D_LARGEFILE64_SOURCE   conftest.c >&5
configure:16092: $? = 0
configure:16092: result: yes
configure:16092: checking stdio.h presence
configure:16092: gcc -E  conftest.c
configure:16092: $? = 0
configure:16092: result: yes
configure:16092: checking for stdio.h
configure:16092: result: yes
configure:16092: checking for stdlib.h
configure:16092: result: yes
configure:16092: checking for string.h
configure:16092: result: yes
configure:16103: checking for an ANSI C-conforming const
configure:16169: gcc -c -g -O2 -ansi -Wall -D_LARGEFILE64_SOURCE   conftest.c >&5
configure:16169: $? = 0
configure:16176: result: yes
configure:16188: checking To Use Axis2 C . This is a compulsory module to build Axis2 C samples
configure:16199: result: yes
configure:16217: checking To Use Savan C . This is a compulsory module to build Savan C samples
configure:16240: result: no
configure:16368: checking that generated files are newer than configure
configure:16374: result: done
configure:16401: creating ./config.status

## ---------------------- ##
## Running config.status. ##
## ---------------------- ##

This file was extended by savanc-sample-src config.status 1.1.0, which was
generated by GNU Autoconf 2.69.  Invocation command line was

  CONFIG_FILES    = 
  CONFIG_HEADERS  = 
  CONFIG_LINKS    = 
  CONFIG_COMMANDS = 
  $ ./config.status 

on Alexiss-MacBook.local

config.status:1166: creating Makefile
config.status:1166: creating server/Makefile
config.status:1166: creating server/weather/Makefile
config.status:1166: creating server/listener/Makefile
config.status:1166: creating client/Makefile
config.status:1166: creating client/subscriber/Makefile
config.status:1166: creating config.h
config.status:1395: executing depfiles commands
config.status:1395: executing libtool commands

## ---------------- ##
## Cache variables. ##
## ---------------- ##

ac_cv_build=x86_64-apple-darwin14.5.0
ac_cv_c_compiler_gnu=yes
ac_cv_c_const=yes
ac_cv_cxx_compiler_gnu=yes
ac_cv_env_CCC_set=
ac_cv_env_CCC_value=
ac_cv_env_CC_set=
ac_cv_env_CC_value=
ac_cv_env_CFLAGS_set=
ac_cv_env_CFLAGS_value=
ac_cv_env_CPPFLAGS_set=
ac_cv_env_CPPFLAGS_value=
ac_cv_env_CPP_set=
ac_cv_env_CPP_value=
ac_cv_env_CXXCPP_set=
ac_cv_env_CXXCPP_value=
ac_cv_env_CXXFLAGS_set=
ac_cv_env_CXXFLAGS_value=
ac_cv_env_CXX_set=
ac_cv_env_CXX_value=
ac_cv_env_LDFLAGS_set=
ac_cv_env_LDFLAGS_value=
ac_cv_env_LIBS_set=
ac_cv_env_LIBS_value=
ac_cv_env_LT_SYS_LIBRARY_PATH_set=
ac_cv_env_LT_SYS_LIBRARY_PATH_value=
ac_cv_env_build_alias_set=
ac_cv_env_build_alias_value=
ac_cv_env_host_alias_set=
ac_cv_env_host_alias_value=
ac_cv_env_target_alias_set=
ac_cv_env_target_alias_value=
ac_cv_header_dlfcn_h=yes
ac_cv_header_inttypes_h=yes
ac_cv_header_memory_h=yes
ac_cv_header_stdc=yes
ac_cv_header_stdint_h=yes
ac_cv_header_stdio_h=yes
ac_cv_header_stdlib_h=yes
ac_cv_header_string_h=yes
ac_cv_header_strings_h=yes
ac_cv_header_sys_stat_h=yes
ac_cv_header_sys_types_h=yes
ac_cv_header_unistd_h=yes
ac_cv_host=x86_64-apple-darwin14.5.0
ac_cv_lib_dl_dlopen=yes
ac_cv_objext=o
ac_cv_path_EGREP='/usr/bin/grep -E'
ac_cv_path_FGREP='/usr/bin/grep -F'
ac_cv_path_GREP=/usr/bin/grep
ac_cv_path_SED=/usr/bin/sed
ac_cv_path_install='/usr/bin/install -c'
ac_cv_path_lt_DD=/bin/dd
ac_cv_prog_AWK=awk
ac_cv_prog_CPP='gcc -E'
ac_cv_prog_CXXCPP='g++ -E'
ac_cv_prog_ac_ct_AR=ar
ac_cv_prog_ac_ct_CC=gcc
ac_cv_prog_ac_ct_CXX=g++
ac_cv_prog_ac_ct_DSYMUTIL=dsymutil
ac_cv_prog_ac_ct_LIPO=lipo
ac_cv_prog_ac_ct_NMEDIT=nmedit
ac_cv_prog_ac_ct_OTOOL=otool
ac_cv_prog_ac_ct_RANLIB=ranlib
ac_cv_prog_ac_ct_STRIP=strip
ac_cv_prog_cc_c89=
ac_cv_prog_cc_g=yes
ac_cv_prog_cxx_g=yes
ac_cv_prog_make_make_set=yes
ac_cv_target=x86_64-apple-darwin14.5.0
am_cv_CC_dependencies_compiler_type=gcc3
am_cv_CXX_dependencies_compiler_type=gcc3
am_cv_make_support_nested_variables=yes
am_cv_prog_cc_c_o=yes
lt_cv_apple_cc_single_mod=yes
lt_cv_ar_at_file=no
lt_cv_deplibs_check_method=pass_all
lt_cv_file_magic_cmd='$MAGIC_CMD'
lt_cv_file_magic_test_file=
lt_cv_ld_exported_symbols_list=yes
lt_cv_ld_force_load=yes
lt_cv_ld_reload_flag=-r
lt_cv_nm_interface='BSD nm'
lt_cv_objdir=.libs
lt_cv_path_LD=/Applications/Xcode.app/Contents/Developer/Toolchains/XcodeDefault.xctoolchain/usr/bin/ld
lt_cv_path_LDCXX=/Applications/Xcode.app/Contents/Developer/Toolchains/XcodeDefault.xctoolchain/usr/bin/ld
lt_cv_path_NM=/usr/bin/nm
lt_cv_path_mainfest_tool=no
lt_cv_prog_compiler_c_o=yes
lt_cv_prog_compiler_c_o_CXX=yes
lt_cv_prog_compiler_pic='-fno-common -DPIC'
lt_cv_prog_compiler_pic_CXX='-fno-common -DPIC'
lt_cv_prog_compiler_pic_works=yes
lt_cv_prog_compiler_pic_works_CXX=yes
lt_cv_prog_compiler_rtti_exceptions=yes
lt_cv_prog_compiler_static_works=no
lt_cv_prog_compiler_static_works_CXX=no
lt_cv_prog_gnu_ld=no
lt_cv_prog_gnu_ldcxx=no
lt_cv_sharedlib_from_linklib_cmd='printf %s\n'
lt_cv_sys_global_symbol_pipe='sed -n -e '\''s/^.*[	 ]\([BCDEGRST][BCDEGRST]*\)[	 ][	 ]*_\([_A-Za-z][_A-Za-z0-9]*\)$/\1 _\2 \2/p'\'' | sed '\''/ __gnu_lto/d'\'''
lt_cv_sys_global_symbol_to_c_name_address='sed -n -e '\''s/^: \(.*\) .*$/  {"\1", (void *) 0},/p'\'' -e '\''s/^[BCDEGRST][BCDEGRST]* .* \(.*\)$/  {"\1", (void *) \&\1},/p'\'''
lt_cv_sys_global_symbol_to_c_name_address_lib_prefix='sed -n -e '\''s/^: \(.*\) .*$/  {"\1", (void *) 0},/p'\'' -e '\''s/^[BCDEGRST][BCDEGRST]* .* \(lib.*\)$/  {"\1", (void *) \&\1},/p'\'' -e '\''s/^[BCDEGRST][BCDEGRST]* .* \(.*\)$/  {"lib\1", (void *) \&\1},/p'\'''
lt_cv_sys_global_symbol_to_cdecl='sed -n -e '\''s/^T .* \(.*\)$/extern int \1();/p'\'' -e '\''s/^[BCDEGRST][BCDEGRST]* .* \(.*\)$/extern char \1;/p'\'''
lt_cv_sys_global_symbol_to_import=
lt_cv_sys_max_cmd_len=196608
lt_cv_to_host_file_cmd=func_convert_file_noop
lt_cv_to_tool_file_cmd=func_convert_file_noop
lt_cv_truncate_bin='/bin/dd bs=4096 count=1'

## ----------------- ##
## Output variables. ##
## ----------------- ##

ACLOCAL='${SHELL} /Users/agruet/ktws/src/kt_wso2-php5.3/wsf_c/savanc/missing aclocal-1.15'
AMDEPBACKSLASH='\'
AMDEP_FALSE='#'
AMDEP_TRUE=''
AMTAR='$${TAR-tar}'
AM_BACKSLASH='\'
AM_DEFAULT_V='$(AM_DEFAULT_VERBOSITY)'
AM_DEFAULT_VERBOSITY='1'
AM_V='$(V)'
AR='ar'
AUTOCONF='${SHELL} /Users/agruet/ktws/src/kt_wso2-php5.3/wsf_c/savanc/missing autoconf'
AUTOHEADER='${SHELL} /Users/agruet/ktws/src/kt_wso2-php5.3/wsf_c/savanc/missing autoheader'
AUTOMAKE='${SHELL} /Users/agruet/ktws/src/kt_wso2-php5.3/wsf_c/savanc/missing automake-1.15'
AWK='awk'
AXIS2INC='-I/usr/local/axis2c/include/axis2-1.6.0'
CC='gcc'
CCDEPMODE='depmode=gcc3'
CFLAGS='-g -O2 -ansi -Wall -D_LARGEFILE64_SOURCE   '
CPP='gcc -E'
CPPFLAGS=''
CXX='g++'
CXXCPP='g++ -E'
CXXDEPMODE='depmode=gcc3'
CXXFLAGS='-g -O2'
CYGPATH_W='echo'
DEFS='-DHAVE_CONFIG_H'
DEPDIR='.deps'
DLLTOOL='false'
DSYMUTIL='dsymutil'
DUMPBIN=''
ECHO_C='\c'
ECHO_N=''
ECHO_T=''
EGREP='/usr/bin/grep -E'
EXEEXT=''
FGREP='/usr/bin/grep -F'
GREP='/usr/bin/grep'
GUTHTHILA_DIR=''
GUTHTHILA_LIBS=''
INSTALL_DATA='${INSTALL} -m 644'
INSTALL_PROGRAM='${INSTALL}'
INSTALL_SCRIPT='${INSTALL}'
INSTALL_STRIP_PROGRAM='$(install_sh) -c -s'
LD='/Applications/Xcode.app/Contents/Developer/Toolchains/XcodeDefault.xctoolchain/usr/bin/ld'
LDFLAGS=' -lpthread'
LIBOBJS=''
LIBS='-ldl '
LIBTOOL='$(SHELL) $(top_builddir)/libtool'
LIBXML2_CFLAGS=''
LIBXML2_DIR=''
LIBXML2_LIBS=''
LIPO='lipo'
LN_S='ln -s'
LTLIBOBJS=''
LT_SYS_LIBRARY_PATH=''
MAKEINFO='${SHELL} /Users/agruet/ktws/src/kt_wso2-php5.3/wsf_c/savanc/missing makeinfo'
MANIFEST_TOOL=':'
MKDIR_P='./../install-sh -c -d'
NM='/usr/bin/nm'
NMEDIT='nmedit'
OBJDUMP='false'
OBJEXT='o'
OTOOL64=':'
OTOOL='otool'
PACKAGE='savanc-sample-src'
PACKAGE_BUGREPORT=''
PACKAGE_NAME='savanc-sample-src'
PACKAGE_STRING='savanc-sample-src 1.1.0'
PACKAGE_TARNAME='savanc-sample-src'
PACKAGE_URL=''
PACKAGE_VERSION='1.1.0'
PATH_SEPARATOR=':'
RANLIB='ranlib'
SAVANINC=''
SED='/usr/bin/sed'
SET_MAKE=''
SHELL='/bin/sh'
STRIP='strip'
VERSION='1.1.0'
ac_ct_AR='ar'
ac_ct_CC='gcc'
ac_ct_CXX='g++'
ac_ct_DUMPBIN=''
am__EXEEXT_FALSE=''
am__EXEEXT_TRUE='#'
am__fastdepCC_FALSE='#'
am__fastdepCC_TRUE=''
am__fastdepCXX_FALSE='#'
am__fastdepCXX_TRUE=''
am__include='include'
am__isrc=''
am__leading_dot='.'
am__nodep='_no'
am__quote=''
am__tar='$${TAR-tar} chof - "$$tardir"'
am__untar='$${TAR-tar} xf -'
bindir='${exec_prefix}/bin'
build='x86_64-apple-darwin14.5.0'
build_alias=''
build_cpu='x86_64'
build_os='darwin14.5.0'
build_vendor='apple'
datadir='${datarootdir}'
datarootdir='${prefix}/share'
docdir='${datarootdir}/doc/${PACKAGE_TARNAME}'
dvidir='${docdir}'
exec_prefix='${prefix}'
host='x86_64-apple-darwin14.5.0'
host_alias=''
host_cpu='x86_64'
host_os='darwin14.5.0'
host_vendor='apple'
htmldir='${docdir}'
includedir='${prefix}/include'
infodir='${datarootdir}/info'
install_sh='${SHELL} /Users/agruet/ktws/src/kt_wso2-php5.3/wsf_c/savanc/install-sh'
libdir='${exec_prefix}/lib'
libexecdir='${exec_prefix}/libexec'
localedir='${datarootdir}/locale'
localstatedir='${prefix}/var'
mandir='${datarootdir}/man'
mkdir_p='$(MKDIR_P)'
oldincludedir='/usr/include'
pdfdir='${docdir}'
prefix='/usr/local/axis2c'
program_transform_name='s,x,x,'
psdir='${docdir}'
sbindir='${exec_prefix}/sbin'
sharedstatedir='${prefix}/com'
sysconfdir='${prefix}/etc'
target='x86_64-apple-darwin14.5.0'
target_alias=''
target_cpu='x86_64'
target_os='darwin14.5.0'
target_vendor='apple'

## ----------- ##
## confdefs.h. ##
## ----------- ##

/* confdefs.h */
#define PACKAGE_NAME "savanc-sample-src"
#define PACKAGE_TARNAME "savanc-sample-src"
#define PACKAGE_VERSION "1.1.0"
#define PACKAGE_STRING "savanc-sample-src 1.1.0"
#define PACKAGE_BUGREPORT ""
#define PACKAGE_URL ""
#define PACKAGE "savanc-sample-src"
#define VERSION "1.1.0"
#define STDC_HEADERS 1
#define HAVE_SYS_TYPES_H 1
#define HAVE_SYS_STAT_H 1
#define HAVE_STDLIB_H 1
#define HAVE_STRING_H 1
#define HAVE_MEMORY_H 1
#define HAVE_STRINGS_H 1
#define HAVE_INTTYPES_H 1
#define HAVE_STDINT_H 1
#define HAVE_UNISTD_H 1
#define HAVE_DLFCN_H 1
#define LT_OBJDIR ".libs/"
#define HAVE_ISO_VARARGS 1
#define HAVE_GNUC_VARARGS 1
#define HAVE_LIBDL 1
#define STDC_HEADERS 1
#define HAVE_STDIO_H 1
#define HAVE_STDLIB_H 1
#define HAVE_STRING_H 1

configure: exit 0
